/*C6*/SET SCHEMA PUBLIC
DELETE FROM DOCUMENTO WHERE ID=3
COMMIT
DELETE FROM DOCUMENTO WHERE ID=4
COMMIT
DELETE FROM DOCUMENTO WHERE ID=5
COMMIT
DELETE FROM DOCUMENTO WHERE ID=6
COMMIT
DELETE FROM DOCUMENTO WHERE ID=7
COMMIT
DELETE FROM DOCUMENTO WHERE ID=8
COMMIT
INSERT INTO DOCUMENTO VALUES(9,'544554454','544','787',NULL)
ALTER SEQUENCE PUBLIC.HIBERNATE_SEQUENCE RESTART WITH 10
COMMIT
DELETE FROM DOCUMENTO WHERE ID=9
COMMIT
/*C7*/SET SCHEMA PUBLIC
INSERT INTO DOCUMENTO VALUES(10,'544554454','544','787',NULL)
ALTER SEQUENCE PUBLIC.HIBERNATE_SEQUENCE RESTART WITH 11
COMMIT
DELETE FROM DOCUMENTO WHERE ID=10
INSERT INTO DOCUMENTO VALUES(10,'11111','544','787',NULL)
COMMIT
/*C8*/SET SCHEMA PUBLIC
DELETE FROM DOCUMENTO WHERE ID=10
COMMIT
INSERT INTO DOCUMENTO VALUES(11,'544554454','544','787',NULL)
ALTER SEQUENCE PUBLIC.HIBERNATE_SEQUENCE RESTART WITH 12
COMMIT
INSERT INTO DOCUMENTO VALUES(12,'544554454','544','787',NULL)
ALTER SEQUENCE PUBLIC.HIBERNATE_SEQUENCE RESTART WITH 13
COMMIT
INSERT INTO DOCUMENTO VALUES(13,'544554454','544','787',NULL)
ALTER SEQUENCE PUBLIC.HIBERNATE_SEQUENCE RESTART WITH 14
COMMIT
INSERT INTO DOCUMENTO VALUES(14,'544554454','544','787',NULL)
ALTER SEQUENCE PUBLIC.HIBERNATE_SEQUENCE RESTART WITH 15
COMMIT
INSERT INTO DOCUMENTO VALUES(15,'544554454','544','787',NULL)
ALTER SEQUENCE PUBLIC.HIBERNATE_SEQUENCE RESTART WITH 16
COMMIT
INSERT INTO DOCUMENTO VALUES(16,'544554454','544','787',NULL)
ALTER SEQUENCE PUBLIC.HIBERNATE_SEQUENCE RESTART WITH 17
COMMIT
